*** Starting uWSGI 2.0.19.1 (64bit) on [Mon Feb 22 18:55:53 2021] ***
compiled with version: 7.5.0 on 22 February 2021 10:01:42
os: Linux-4.15.0-132-generic #136-Ubuntu SMP Tue Jan 12 14:58:42 UTC 2021
nodename: zxb
machine: x86_64
clock source: unix
detected number of CPU cores: 8
current working directory: /home/zxb/workspace/paper_down_server
detected binary path: /home/zxb/workspace/paper_down_server/venv/bin/uwsgi
!!! no internal routing support, rebuild with pcre support !!!
chdir() to /home/zxb/workspace/paper_down_server
your processes number limit is 63823
your memory page size is 4096 bytes
detected max file descriptor number: 1024
lock engine: pthread robust mutexes
thunder lock: disabled (you can enable it with --thunder-lock)
uWSGI http bound on 0.0.0.0:5000 fd 4
uwsgi socket 0 bound to TCP address 127.0.0.1:34385 (port auto-assigned) fd 3
Python version: 3.6.9 (default, Oct  8 2020, 12:12:24)  [GCC 8.4.0]
Set PythonHome to /home/zxb/workspace/paper_down_server/venv
Python main interpreter initialized at 0x557b49a3a690
python threads support enabled
your server socket listen backlog is limited to 100 connections
your mercy for graceful operations on workers is 60 seconds
mapped 916784 bytes (895 KB) for 20 cores
*** Operational MODE: preforking+threaded ***
WSGI app 0 (mountpoint='') ready in 1 seconds on interpreter 0x557b49a3a690 pid: 81057 (default app)
*** uWSGI is running in multiple interpreter mode ***
spawned uWSGI master process (pid: 81057)
spawned uWSGI worker 1 (pid: 81061, cores: 2)
spawned uWSGI worker 2 (pid: 81063, cores: 2)
spawned uWSGI worker 3 (pid: 81064, cores: 2)
spawned uWSGI worker 4 (pid: 81066, cores: 2)
spawned uWSGI worker 5 (pid: 81068, cores: 2)
spawned uWSGI worker 6 (pid: 81070, cores: 2)
spawned uWSGI worker 7 (pid: 81072, cores: 2)
spawned uWSGI worker 8 (pid: 81074, cores: 2)
spawned uWSGI worker 9 (pid: 81076, cores: 2)
spawned uWSGI worker 10 (pid: 81078, cores: 2)
spawned uWSGI http 1 (pid: 81080)
[pid: 81078|app: 0|req: 1/1] 172.27.133.93 () {38 vars in 750 bytes} [Mon Feb 22 18:56:00 2021] GET / => generated 5561 bytes in 72 msecs (HTTP/1.1 200) 3 headers in 95 bytes (1 switches on core 0)
[pid: 81078|app: 0|req: 2/2] 172.27.133.93 () {38 vars in 758 bytes} [Mon Feb 22 18:56:01 2021] GET /static/css/bootstrap.min.css => generated 121200 bytes in 2 msecs via sendfile() (HTTP/1.1 200) 7 headers in 283 bytes (0 switches on core 1)
[pid: 81078|app: 0|req: 3/3] 172.27.133.93 () {38 vars in 750 bytes} [Mon Feb 22 18:56:07 2021] GET / => generated 5561 bytes in 1 msecs (HTTP/1.1 200) 3 headers in 95 bytes (1 switches on core 0)
