2021-02-22 20:06:04,276 INFO daemonizing the supervisord process
2021-02-22 20:06:04,277 INFO supervisord started with pid 81245
2021-02-22 20:06:05,280 INFO spawned: 'paperDownloader' with pid 81246
2021-02-22 20:06:05,284 INFO success: paperDownloader entered RUNNING state, process has stayed up for > than 0 seconds (startsecs)
2021-02-22 20:06:05,285 INFO exited: paperDownloader (exit status 0; expected)
2021-02-22 20:06:06,288 INFO spawned: 'paperDownloader' with pid 81249
2021-02-22 20:06:06,292 INFO success: paperDownloader entered RUNNING state, process has stayed up for > than 0 seconds (startsecs)
2021-02-22 20:06:06,293 INFO exited: paperDownloader (exit status 0; expected)
2021-02-22 20:06:07,296 INFO spawned: 'paperDownloader' with pid 81252
2021-02-22 20:06:07,300 INFO success: paperDownloader entered RUNNING state, process has stayed up for > than 0 seconds (startsecs)
2021-02-22 20:06:07,301 INFO exited: paperDownloader (exit status 0; expected)
2021-02-22 20:06:08,304 INFO spawned: 'paperDownloader' with pid 81255
2021-02-22 20:06:08,308 INFO success: paperDownloader entered RUNNING state, process has stayed up for > than 0 seconds (startsecs)
2021-02-22 20:06:08,309 INFO exited: paperDownloader (exit status 0; expected)
2021-02-22 20:06:09,312 INFO spawned: 'paperDownloader' with pid 81258
2021-02-22 20:06:09,316 INFO success: paperDownloader entered RUNNING state, process has stayed up for > than 0 seconds (startsecs)
2021-02-22 20:06:09,317 INFO exited: paperDownloader (exit status 0; expected)
2021-02-22 20:06:10,320 INFO spawned: 'paperDownloader' with pid 81261
2021-02-22 20:06:10,324 INFO success: paperDownloader entered RUNNING state, process has stayed up for > than 0 seconds (startsecs)
2021-02-22 20:06:10,325 INFO exited: paperDownloader (exit status 0; expected)
2021-02-22 20:06:11,327 INFO spawned: 'paperDownloader' with pid 81264
2021-02-22 20:06:11,331 INFO success: paperDownloader entered RUNNING state, process has stayed up for > than 0 seconds (startsecs)
2021-02-22 20:06:11,332 INFO exited: paperDownloader (exit status 0; expected)
2021-02-22 20:06:12,335 INFO spawned: 'paperDownloader' with pid 81267
2021-02-22 20:06:12,339 INFO success: paperDownloader entered RUNNING state, process has stayed up for > than 0 seconds (startsecs)
2021-02-22 20:06:12,340 INFO exited: paperDownloader (exit status 0; expected)
2021-02-22 20:06:13,343 INFO spawned: 'paperDownloader' with pid 81270
2021-02-22 20:06:13,347 INFO success: paperDownloader entered RUNNING state, process has stayed up for > than 0 seconds (startsecs)
2021-02-22 20:06:13,348 INFO exited: paperDownloader (exit status 0; expected)
2021-02-22 20:06:14,350 INFO spawned: 'paperDownloader' with pid 81273
2021-02-22 20:06:14,355 INFO success: paperDownloader entered RUNNING state, process has stayed up for > than 0 seconds (startsecs)
2021-02-22 20:06:14,355 INFO exited: paperDownloader (exit status 0; expected)
2021-02-22 20:06:15,358 INFO spawned: 'paperDownloader' with pid 81276
2021-02-22 20:06:15,362 INFO success: paperDownloader entered RUNNING state, process has stayed up for > than 0 seconds (startsecs)
2021-02-22 20:06:15,363 INFO exited: paperDownloader (exit status 0; expected)
2021-02-22 20:06:16,366 INFO spawned: 'paperDownloader' with pid 81279
2021-02-22 20:06:16,370 INFO success: paperDownloader entered RUNNING state, process has stayed up for > than 0 seconds (startsecs)
2021-02-22 20:06:16,370 INFO exited: paperDownloader (exit status 0; expected)
2021-02-22 20:06:17,372 INFO spawned: 'paperDownloader' with pid 81282
2021-02-22 20:06:17,376 INFO success: paperDownloader entered RUNNING state, process has stayed up for > than 0 seconds (startsecs)
2021-02-22 20:06:17,377 INFO exited: paperDownloader (exit status 0; expected)
2021-02-22 20:06:18,380 INFO spawned: 'paperDownloader' with pid 81285
2021-02-22 20:06:18,385 INFO success: paperDownloader entered RUNNING state, process has stayed up for > than 0 seconds (startsecs)
2021-02-22 20:06:18,385 INFO exited: paperDownloader (exit status 0; expected)
2021-02-22 20:06:19,389 INFO spawned: 'paperDownloader' with pid 81288
2021-02-22 20:06:19,393 INFO success: paperDownloader entered RUNNING state, process has stayed up for > than 0 seconds (startsecs)
2021-02-22 20:06:19,393 INFO exited: paperDownloader (exit status 0; expected)
2021-02-22 20:06:19,394 INFO spawned: 'paperDownloader' with pid 81291
2021-02-22 20:06:19,398 INFO success: paperDownloader entered RUNNING state, process has stayed up for > than 0 seconds (startsecs)
2021-02-22 20:06:19,398 INFO exited: paperDownloader (exit status 0; expected)
2021-02-22 20:06:19,399 INFO spawned: 'paperDownloader' with pid 81294
2021-02-22 20:06:19,403 INFO success: paperDownloader entered RUNNING state, process has stayed up for > than 0 seconds (startsecs)
2021-02-22 20:06:19,403 INFO exited: paperDownloader (exit status 0; expected)
2021-02-22 20:06:19,404 INFO spawned: 'paperDownloader' with pid 81297
2021-02-22 20:06:19,408 INFO success: paperDownloader entered RUNNING state, process has stayed up for > than 0 seconds (startsecs)
2021-02-22 20:06:19,408 INFO exited: paperDownloader (exit status 0; expected)
2021-02-22 20:06:19,409 INFO spawned: 'paperDownloader' with pid 81300
2021-02-22 20:06:19,413 INFO success: paperDownloader entered RUNNING state, process has stayed up for > than 0 seconds (startsecs)
2021-02-22 20:06:19,413 INFO exited: paperDownloader (exit status 0; expected)
2021-02-22 20:06:19,414 INFO spawned: 'paperDownloader' with pid 81303
2021-02-22 20:06:19,418 INFO success: paperDownloader entered RUNNING state, process has stayed up for > than 0 seconds (startsecs)
2021-02-22 20:06:19,418 INFO exited: paperDownloader (exit status 0; expected)
2021-02-22 20:06:19,419 INFO spawned: 'paperDownloader' with pid 81306
2021-02-22 20:06:19,423 INFO success: paperDownloader entered RUNNING state, process has stayed up for > than 0 seconds (startsecs)
2021-02-22 20:06:19,423 INFO exited: paperDownloader (exit status 0; expected)
2021-02-22 20:06:19,424 INFO spawned: 'paperDownloader' with pid 81309
2021-02-22 20:06:19,428 INFO success: paperDownloader entered RUNNING state, process has stayed up for > than 0 seconds (startsecs)
2021-02-22 20:06:19,428 INFO exited: paperDownloader (exit status 0; expected)
2021-02-22 20:06:19,429 INFO spawned: 'paperDownloader' with pid 81312
2021-02-22 20:06:19,433 INFO success: paperDownloader entered RUNNING state, process has stayed up for > than 0 seconds (startsecs)
2021-02-22 20:06:19,433 INFO exited: paperDownloader (exit status 0; expected)
2021-02-22 20:06:19,434 INFO spawned: 'paperDownloader' with pid 81315
2021-02-22 20:06:19,438 INFO success: paperDownloader entered RUNNING state, process has stayed up for > than 0 seconds (startsecs)
2021-02-22 20:06:19,438 INFO exited: paperDownloader (exit status 0; expected)
2021-02-22 20:06:19,439 INFO spawned: 'paperDownloader' with pid 81318
2021-02-22 20:06:19,443 INFO success: paperDownloader entered RUNNING state, process has stayed up for > than 0 seconds (startsecs)
2021-02-22 20:06:19,443 INFO exited: paperDownloader (exit status 0; expected)
2021-02-22 20:06:19,444 INFO spawned: 'paperDownloader' with pid 81321
2021-02-22 20:06:19,447 INFO success: paperDownloader entered RUNNING state, process has stayed up for > than 0 seconds (startsecs)
2021-02-22 20:06:19,448 INFO exited: paperDownloader (exit status 0; expected)
2021-02-22 20:06:20,451 INFO spawned: 'paperDownloader' with pid 81326
2021-02-22 20:06:20,454 INFO success: paperDownloader entered RUNNING state, process has stayed up for > than 0 seconds (startsecs)
2021-02-22 20:06:20,455 INFO exited: paperDownloader (exit status 0; expected)
2021-02-22 20:06:21,458 INFO spawned: 'paperDownloader' with pid 81329
2021-02-22 20:06:21,462 INFO success: paperDownloader entered RUNNING state, process has stayed up for > than 0 seconds (startsecs)
2021-02-22 20:06:21,463 INFO exited: paperDownloader (exit status 0; expected)
2021-02-22 20:06:22,466 INFO spawned: 'paperDownloader' with pid 81332
2021-02-22 20:06:22,470 INFO success: paperDownloader entered RUNNING state, process has stayed up for > than 0 seconds (startsecs)
2021-02-22 20:06:22,470 INFO exited: paperDownloader (exit status 0; expected)
2021-02-22 20:06:22,472 INFO spawned: 'paperDownloader' with pid 81335
2021-02-22 20:06:22,475 INFO success: paperDownloader entered RUNNING state, process has stayed up for > than 0 seconds (startsecs)
2021-02-22 20:06:22,476 INFO exited: paperDownloader (exit status 0; expected)
2021-02-22 20:06:23,477 INFO spawned: 'paperDownloader' with pid 81338
2021-02-22 20:06:23,481 INFO success: paperDownloader entered RUNNING state, process has stayed up for > than 0 seconds (startsecs)
2021-02-22 20:06:23,482 INFO exited: paperDownloader (exit status 0; expected)
2021-02-22 20:06:24,485 INFO spawned: 'paperDownloader' with pid 81341
2021-02-22 20:06:24,489 INFO success: paperDownloader entered RUNNING state, process has stayed up for > than 0 seconds (startsecs)
2021-02-22 20:06:24,489 INFO exited: paperDownloader (exit status 0; expected)
2021-02-22 20:06:25,492 INFO spawned: 'paperDownloader' with pid 81344
2021-02-22 20:06:25,496 INFO success: paperDownloader entered RUNNING state, process has stayed up for > than 0 seconds (startsecs)
2021-02-22 20:06:25,497 INFO exited: paperDownloader (exit status 0; expected)
2021-02-22 20:06:26,500 INFO spawned: 'paperDownloader' with pid 81347
2021-02-22 20:06:26,504 INFO success: paperDownloader entered RUNNING state, process has stayed up for > than 0 seconds (startsecs)
2021-02-22 20:06:26,505 INFO exited: paperDownloader (exit status 0; expected)
2021-02-22 20:06:27,508 INFO spawned: 'paperDownloader' with pid 81350
2021-02-22 20:06:27,512 INFO success: paperDownloader entered RUNNING state, process has stayed up for > than 0 seconds (startsecs)
2021-02-22 20:06:27,512 INFO exited: paperDownloader (exit status 0; expected)
2021-02-22 20:06:28,516 INFO spawned: 'paperDownloader' with pid 81353
2021-02-22 20:06:28,520 INFO success: paperDownloader entered RUNNING state, process has stayed up for > than 0 seconds (startsecs)
2021-02-22 20:06:28,520 INFO exited: paperDownloader (exit status 0; expected)
2021-02-22 20:06:29,523 INFO spawned: 'paperDownloader' with pid 81356
2021-02-22 20:06:29,527 INFO success: paperDownloader entered RUNNING state, process has stayed up for > than 0 seconds (startsecs)
2021-02-22 20:06:29,527 INFO exited: paperDownloader (exit status 0; expected)
2021-02-22 20:06:29,528 INFO spawned: 'paperDownloader' with pid 81359
2021-02-22 20:06:29,532 INFO success: paperDownloader entered RUNNING state, process has stayed up for > than 0 seconds (startsecs)
2021-02-22 20:06:29,532 INFO exited: paperDownloader (exit status 0; expected)
2021-02-22 20:06:30,536 INFO spawned: 'paperDownloader' with pid 81362
2021-02-22 20:06:30,540 INFO success: paperDownloader entered RUNNING state, process has stayed up for > than 0 seconds (startsecs)
2021-02-22 20:06:30,541 INFO exited: paperDownloader (exit status 0; expected)
2021-02-22 20:06:30,542 INFO spawned: 'paperDownloader' with pid 81365
2021-02-22 20:06:30,545 INFO success: paperDownloader entered RUNNING state, process has stayed up for > than 0 seconds (startsecs)
2021-02-22 20:06:30,546 INFO exited: paperDownloader (exit status 0; expected)
2021-02-22 20:06:31,549 INFO spawned: 'paperDownloader' with pid 81368
2021-02-22 20:06:31,553 INFO success: paperDownloader entered RUNNING state, process has stayed up for > than 0 seconds (startsecs)
2021-02-22 20:06:31,554 INFO exited: paperDownloader (exit status 0; expected)
2021-02-22 20:06:32,556 INFO spawned: 'paperDownloader' with pid 81371
2021-02-22 20:06:32,560 INFO success: paperDownloader entered RUNNING state, process has stayed up for > than 0 seconds (startsecs)
2021-02-22 20:06:32,561 INFO exited: paperDownloader (exit status 0; expected)
2021-02-22 20:06:33,564 INFO spawned: 'paperDownloader' with pid 81374
2021-02-22 20:06:33,569 INFO success: paperDownloader entered RUNNING state, process has stayed up for > than 0 seconds (startsecs)
2021-02-22 20:06:33,569 INFO exited: paperDownloader (exit status 0; expected)
2021-02-22 20:06:34,572 INFO spawned: 'paperDownloader' with pid 81377
2021-02-22 20:06:34,576 INFO success: paperDownloader entered RUNNING state, process has stayed up for > than 0 seconds (startsecs)
2021-02-22 20:06:34,577 INFO exited: paperDownloader (exit status 0; expected)
2021-02-22 20:06:35,579 INFO spawned: 'paperDownloader' with pid 81380
2021-02-22 20:06:35,583 INFO success: paperDownloader entered RUNNING state, process has stayed up for > than 0 seconds (startsecs)
2021-02-22 20:06:35,584 INFO exited: paperDownloader (exit status 0; expected)
2021-02-22 20:06:36,587 INFO spawned: 'paperDownloader' with pid 81383
2021-02-22 20:06:36,592 INFO success: paperDownloader entered RUNNING state, process has stayed up for > than 0 seconds (startsecs)
2021-02-22 20:06:36,592 INFO exited: paperDownloader (exit status 0; expected)
2021-02-22 20:06:37,595 INFO spawned: 'paperDownloader' with pid 81386
2021-02-22 20:06:37,600 INFO success: paperDownloader entered RUNNING state, process has stayed up for > than 0 seconds (startsecs)
2021-02-22 20:06:37,600 INFO exited: paperDownloader (exit status 0; expected)
2021-02-22 20:06:38,603 INFO spawned: 'paperDownloader' with pid 81389
2021-02-22 20:06:38,607 INFO success: paperDownloader entered RUNNING state, process has stayed up for > than 0 seconds (startsecs)
2021-02-22 20:06:38,607 INFO exited: paperDownloader (exit status 0; expected)
2021-02-22 20:06:39,610 INFO spawned: 'paperDownloader' with pid 81392
2021-02-22 20:06:39,630 INFO exited: paperDownloader (exit status 0; expected)
2021-02-22 20:06:40,633 INFO spawned: 'paperDownloader' with pid 81395
2021-02-22 20:06:40,637 INFO success: paperDownloader entered RUNNING state, process has stayed up for > than 0 seconds (startsecs)
2021-02-22 20:06:40,637 INFO exited: paperDownloader (exit status 0; expected)
2021-02-22 20:06:40,638 INFO spawned: 'paperDownloader' with pid 81398
2021-02-22 20:06:40,643 INFO success: paperDownloader entered RUNNING state, process has stayed up for > than 0 seconds (startsecs)
2021-02-22 20:06:40,643 INFO exited: paperDownloader (exit status 0; expected)
2021-02-22 20:06:40,644 INFO spawned: 'paperDownloader' with pid 81401
2021-02-22 20:06:40,648 INFO success: paperDownloader entered RUNNING state, process has stayed up for > than 0 seconds (startsecs)
2021-02-22 20:06:40,648 INFO exited: paperDownloader (exit status 0; expected)
2021-02-22 20:06:40,649 INFO spawned: 'paperDownloader' with pid 81404
2021-02-22 20:06:40,653 INFO success: paperDownloader entered RUNNING state, process has stayed up for > than 0 seconds (startsecs)
2021-02-22 20:06:40,653 INFO exited: paperDownloader (exit status 0; expected)
2021-02-22 20:06:40,654 INFO spawned: 'paperDownloader' with pid 81407
2021-02-22 20:06:40,658 INFO success: paperDownloader entered RUNNING state, process has stayed up for > than 0 seconds (startsecs)
2021-02-22 20:06:40,658 INFO exited: paperDownloader (exit status 0; expected)
2021-02-22 20:06:40,659 INFO spawned: 'paperDownloader' with pid 81410
2021-02-22 20:06:40,662 INFO success: paperDownloader entered RUNNING state, process has stayed up for > than 0 seconds (startsecs)
2021-02-22 20:06:40,663 INFO exited: paperDownloader (exit status 0; expected)
2021-02-22 20:06:40,663 INFO spawned: 'paperDownloader' with pid 81413
2021-02-22 20:06:40,667 INFO success: paperDownloader entered RUNNING state, process has stayed up for > than 0 seconds (startsecs)
2021-02-22 20:06:40,668 INFO exited: paperDownloader (exit status 0; expected)
2021-02-22 20:06:40,669 INFO spawned: 'paperDownloader' with pid 81416
2021-02-22 20:06:40,672 INFO success: paperDownloader entered RUNNING state, process has stayed up for > than 0 seconds (startsecs)
2021-02-22 20:06:40,672 INFO exited: paperDownloader (exit status 0; expected)
2021-02-22 20:06:40,673 INFO spawned: 'paperDownloader' with pid 81419
2021-02-22 20:06:40,677 INFO success: paperDownloader entered RUNNING state, process has stayed up for > than 0 seconds (startsecs)
2021-02-22 20:06:40,677 INFO exited: paperDownloader (exit status 0; expected)
2021-02-22 20:06:40,678 INFO spawned: 'paperDownloader' with pid 81422
2021-02-22 20:06:40,682 INFO success: paperDownloader entered RUNNING state, process has stayed up for > than 0 seconds (startsecs)
2021-02-22 20:06:40,682 INFO exited: paperDownloader (exit status 0; expected)
2021-02-22 20:06:40,683 INFO spawned: 'paperDownloader' with pid 81425
2021-02-22 20:06:40,687 INFO success: paperDownloader entered RUNNING state, process has stayed up for > than 0 seconds (startsecs)
2021-02-22 20:06:40,687 INFO exited: paperDownloader (exit status 0; expected)
2021-02-22 20:06:40,688 INFO spawned: 'paperDownloader' with pid 81428
2021-02-22 20:06:40,691 INFO success: paperDownloader entered RUNNING state, process has stayed up for > than 0 seconds (startsecs)
2021-02-22 20:06:40,692 INFO exited: paperDownloader (exit status 0; expected)
2021-02-22 20:06:41,695 INFO spawned: 'paperDownloader' with pid 81431
2021-02-22 20:06:41,700 INFO success: paperDownloader entered RUNNING state, process has stayed up for > than 0 seconds (startsecs)
2021-02-22 20:06:41,700 INFO exited: paperDownloader (exit status 0; expected)
2021-02-22 20:06:41,701 INFO spawned: 'paperDownloader' with pid 81434
2021-02-22 20:06:41,705 INFO success: paperDownloader entered RUNNING state, process has stayed up for > than 0 seconds (startsecs)
2021-02-22 20:06:41,705 INFO exited: paperDownloader (exit status 0; expected)
2021-02-22 20:06:41,706 INFO spawned: 'paperDownloader' with pid 81437
2021-02-22 20:06:41,710 INFO success: paperDownloader entered RUNNING state, process has stayed up for > than 0 seconds (startsecs)
2021-02-22 20:06:41,710 INFO exited: paperDownloader (exit status 0; expected)
2021-02-22 20:06:41,711 INFO spawned: 'paperDownloader' with pid 81440
2021-02-22 20:06:41,715 INFO success: paperDownloader entered RUNNING state, process has stayed up for > than 0 seconds (startsecs)
2021-02-22 20:06:41,715 INFO exited: paperDownloader (exit status 0; expected)
2021-02-22 20:06:41,716 INFO spawned: 'paperDownloader' with pid 81443
2021-02-22 20:06:41,720 INFO success: paperDownloader entered RUNNING state, process has stayed up for > than 0 seconds (startsecs)
2021-02-22 20:06:41,720 INFO exited: paperDownloader (exit status 0; expected)
