*** Starting uWSGI 2.0.19.1 (64bit) on [Mon Feb 22 19:59:44 2021] ***
compiled with version: 7.5.0 on 22 February 2021 10:01:42
os: Linux-4.15.0-132-generic #136-Ubuntu SMP Tue Jan 12 14:58:42 UTC 2021
nodename: zxb
machine: x86_64
clock source: unix
detected number of CPU cores: 8
current working directory: /home/zxb/workspace/paper_down_server
detected binary path: /home/zxb/workspace/paper_down_server/venv/bin/uwsgi
!!! no internal routing support, rebuild with pcre support !!!
chdir() to /home/zxb/workspace/paper_down_server
your processes number limit is 63823
your memory page size is 4096 bytes
detected max file descriptor number: 1024
lock engine: pthread robust mutexes
thunder lock: disabled (you can enable it with --thunder-lock)
uWSGI http bound on 0.0.0.0:5000 fd 4
uwsgi socket 0 bound to TCP address 127.0.0.1:46233 (port auto-assigned) fd 3
Python version: 3.6.9 (default, Oct  8 2020, 12:12:24)  [GCC 8.4.0]
Set PythonHome to /home/zxb/workspace/paper_down_server/venv
Python main interpreter initialized at 0x55ada2560690
python threads support enabled
your server socket listen backlog is limited to 100 connections
your mercy for graceful operations on workers is 60 seconds
mapped 916784 bytes (895 KB) for 20 cores
*** Operational MODE: preforking+threaded ***
WSGI app 0 (mountpoint='') ready in 0 seconds on interpreter 0x55ada2560690 pid: 81208 (default app)
*** uWSGI is running in multiple interpreter mode ***
spawned uWSGI master process (pid: 81208)
spawned uWSGI worker 1 (pid: 81212, cores: 2)
spawned uWSGI worker 2 (pid: 81213, cores: 2)
spawned uWSGI worker 3 (pid: 81215, cores: 2)
spawned uWSGI worker 4 (pid: 81217, cores: 2)
spawned uWSGI worker 5 (pid: 81219, cores: 2)
spawned uWSGI worker 6 (pid: 81221, cores: 2)
spawned uWSGI worker 7 (pid: 81223, cores: 2)
spawned uWSGI worker 8 (pid: 81225, cores: 2)
spawned uWSGI worker 9 (pid: 81227, cores: 2)
spawned uWSGI worker 10 (pid: 81229, cores: 2)
spawned uWSGI http 1 (pid: 81232)
[pid: 81225|app: 0|req: 1/1] 172.27.133.93 () {38 vars in 750 bytes} [Mon Feb 22 20:00:03 2021] GET / => generated 5561 bytes in 73 msecs (HTTP/1.1 200) 3 headers in 95 bytes (1 switches on core 0)
Mon Feb 22 20:00:03 2021 - uwsgi_response_sendfile_do(): Broken pipe [core/writer.c line 655] during GET /static/css/bootstrap.min.css (172.27.133.93)
OSError: write error
[pid: 81225|app: 0|req: 2/2] 172.27.133.93 () {38 vars in 758 bytes} [Mon Feb 22 20:00:03 2021] GET /static/css/bootstrap.min.css => generated 0 bytes in 2 msecs via sendfile() (HTTP/1.1 200) 7 headers in 283 bytes (0 switches on core 1)
Mon Feb 22 20:00:03 2021 - SIGPIPE: writing to a closed pipe/socket/fd (probably the client disconnected) !!!
Mon Feb 22 20:00:03 2021 - uwsgi_response_sendfile_do(): Broken pipe [core/writer.c line 655] during GET /static/css/bootstrap-table.min.css (172.27.133.93)
OSError: write error
[pid: 81229|app: 0|req: 1/3] 172.27.133.93 () {38 vars in 770 bytes} [Mon Feb 22 20:00:03 2021] GET /static/css/bootstrap-table.min.css => generated 0 bytes in 5 msecs via sendfile() (HTTP/1.1 200) 7 headers in 279 bytes (0 switches on core 0)
[pid: 81223|app: 0|req: 1/4] 172.27.133.93 () {46 vars in 905 bytes} [Mon Feb 22 20:00:09 2021] POST / => generated 9862 bytes in 15391 msecs (HTTP/1.1 200) 3 headers in 95 bytes (1 switches on core 0)
Mon Feb 22 20:00:25 2021 - SIGPIPE: writing to a closed pipe/socket/fd (probably the client disconnected) !!!
Mon Feb 22 20:00:25 2021 - uwsgi_response_sendfile_do(): Broken pipe [core/writer.c line 655] during GET /static/fonts/glyphicons-halflings-regular.woff2 (172.27.133.93)
OSError: write error
[pid: 81227|app: 0|req: 1/5] 172.27.133.93 () {38 vars in 867 bytes} [Mon Feb 22 20:00:25 2021] GET /static/fonts/glyphicons-halflings-regular.woff2 => generated 0 bytes in 5 msecs via sendfile() (HTTP/1.1 200) 7 headers in 281 bytes (0 switches on core 0)
*** Starting uWSGI 2.0.19.1 (64bit) on [Mon Feb 22 20:06:05 2021] ***
compiled with version: 7.5.0 on 22 February 2021 10:10:46
os: Linux-4.15.0-132-generic #136-Ubuntu SMP Tue Jan 12 14:58:42 UTC 2021
nodename: zxb
machine: x86_64
clock source: unix
detected number of CPU cores: 8
current working directory: /home/zxb/workspace/paper_down_server
detected binary path: /home/zxb/.local/bin/uwsgi
!!! no internal routing support, rebuild with pcre support !!!
chdir() to /home/zxb/workspace/paper_down_server
your processes number limit is 63823
your memory page size is 4096 bytes
detected max file descriptor number: 1024
lock engine: pthread robust mutexes
thunder lock: disabled (you can enable it with --thunder-lock)
probably another instance of uWSGI is running on the same address (0.0.0.0:5000).
bind(): Address already in use [core/socket.c line 769]
*** Starting uWSGI 2.0.19.1 (64bit) on [Mon Feb 22 20:06:06 2021] ***
compiled with version: 7.5.0 on 22 February 2021 10:10:46
os: Linux-4.15.0-132-generic #136-Ubuntu SMP Tue Jan 12 14:58:42 UTC 2021
nodename: zxb
machine: x86_64
clock source: unix
detected number of CPU cores: 8
current working directory: /home/zxb/workspace/paper_down_server
detected binary path: /home/zxb/.local/bin/uwsgi
!!! no internal routing support, rebuild with pcre support !!!
chdir() to /home/zxb/workspace/paper_down_server
your processes number limit is 63823
your memory page size is 4096 bytes
detected max file descriptor number: 1024
lock engine: pthread robust mutexes
thunder lock: disabled (you can enable it with --thunder-lock)
probably another instance of uWSGI is running on the same address (0.0.0.0:5000).
bind(): Address already in use [core/socket.c line 769]
*** Starting uWSGI 2.0.19.1 (64bit) on [Mon Feb 22 20:06:07 2021] ***
compiled with version: 7.5.0 on 22 February 2021 10:10:46
os: Linux-4.15.0-132-generic #136-Ubuntu SMP Tue Jan 12 14:58:42 UTC 2021
nodename: zxb
machine: x86_64
clock source: unix
detected number of CPU cores: 8
current working directory: /home/zxb/workspace/paper_down_server
detected binary path: /home/zxb/.local/bin/uwsgi
!!! no internal routing support, rebuild with pcre support !!!
chdir() to /home/zxb/workspace/paper_down_server
your processes number limit is 63823
your memory page size is 4096 bytes
detected max file descriptor number: 1024
lock engine: pthread robust mutexes
thunder lock: disabled (you can enable it with --thunder-lock)
probably another instance of uWSGI is running on the same address (0.0.0.0:5000).
bind(): Address already in use [core/socket.c line 769]
*** Starting uWSGI 2.0.19.1 (64bit) on [Mon Feb 22 20:06:08 2021] ***
compiled with version: 7.5.0 on 22 February 2021 10:10:46
os: Linux-4.15.0-132-generic #136-Ubuntu SMP Tue Jan 12 14:58:42 UTC 2021
nodename: zxb
machine: x86_64
clock source: unix
detected number of CPU cores: 8
current working directory: /home/zxb/workspace/paper_down_server
detected binary path: /home/zxb/.local/bin/uwsgi
!!! no internal routing support, rebuild with pcre support !!!
chdir() to /home/zxb/workspace/paper_down_server
your processes number limit is 63823
your memory page size is 4096 bytes
detected max file descriptor number: 1024
lock engine: pthread robust mutexes
thunder lock: disabled (you can enable it with --thunder-lock)
probably another instance of uWSGI is running on the same address (0.0.0.0:5000).
bind(): Address already in use [core/socket.c line 769]
*** Starting uWSGI 2.0.19.1 (64bit) on [Mon Feb 22 20:06:09 2021] ***
compiled with version: 7.5.0 on 22 February 2021 10:10:46
os: Linux-4.15.0-132-generic #136-Ubuntu SMP Tue Jan 12 14:58:42 UTC 2021
nodename: zxb
machine: x86_64
clock source: unix
detected number of CPU cores: 8
current working directory: /home/zxb/workspace/paper_down_server
detected binary path: /home/zxb/.local/bin/uwsgi
!!! no internal routing support, rebuild with pcre support !!!
chdir() to /home/zxb/workspace/paper_down_server
your processes number limit is 63823
your memory page size is 4096 bytes
detected max file descriptor number: 1024
lock engine: pthread robust mutexes
thunder lock: disabled (you can enable it with --thunder-lock)
probably another instance of uWSGI is running on the same address (0.0.0.0:5000).
bind(): Address already in use [core/socket.c line 769]
*** Starting uWSGI 2.0.19.1 (64bit) on [Mon Feb 22 20:06:10 2021] ***
compiled with version: 7.5.0 on 22 February 2021 10:10:46
os: Linux-4.15.0-132-generic #136-Ubuntu SMP Tue Jan 12 14:58:42 UTC 2021
nodename: zxb
machine: x86_64
clock source: unix
detected number of CPU cores: 8
current working directory: /home/zxb/workspace/paper_down_server
detected binary path: /home/zxb/.local/bin/uwsgi
!!! no internal routing support, rebuild with pcre support !!!
chdir() to /home/zxb/workspace/paper_down_server
your processes number limit is 63823
your memory page size is 4096 bytes
detected max file descriptor number: 1024
lock engine: pthread robust mutexes
thunder lock: disabled (you can enable it with --thunder-lock)
probably another instance of uWSGI is running on the same address (0.0.0.0:5000).
bind(): Address already in use [core/socket.c line 769]
*** Starting uWSGI 2.0.19.1 (64bit) on [Mon Feb 22 20:06:11 2021] ***
compiled with version: 7.5.0 on 22 February 2021 10:10:46
os: Linux-4.15.0-132-generic #136-Ubuntu SMP Tue Jan 12 14:58:42 UTC 2021
nodename: zxb
machine: x86_64
clock source: unix
detected number of CPU cores: 8
current working directory: /home/zxb/workspace/paper_down_server
detected binary path: /home/zxb/.local/bin/uwsgi
!!! no internal routing support, rebuild with pcre support !!!
chdir() to /home/zxb/workspace/paper_down_server
your processes number limit is 63823
your memory page size is 4096 bytes
detected max file descriptor number: 1024
lock engine: pthread robust mutexes
thunder lock: disabled (you can enable it with --thunder-lock)
probably another instance of uWSGI is running on the same address (0.0.0.0:5000).
bind(): Address already in use [core/socket.c line 769]
*** Starting uWSGI 2.0.19.1 (64bit) on [Mon Feb 22 20:06:12 2021] ***
compiled with version: 7.5.0 on 22 February 2021 10:10:46
os: Linux-4.15.0-132-generic #136-Ubuntu SMP Tue Jan 12 14:58:42 UTC 2021
nodename: zxb
machine: x86_64
clock source: unix
detected number of CPU cores: 8
current working directory: /home/zxb/workspace/paper_down_server
detected binary path: /home/zxb/.local/bin/uwsgi
!!! no internal routing support, rebuild with pcre support !!!
chdir() to /home/zxb/workspace/paper_down_server
your processes number limit is 63823
your memory page size is 4096 bytes
detected max file descriptor number: 1024
lock engine: pthread robust mutexes
thunder lock: disabled (you can enable it with --thunder-lock)
probably another instance of uWSGI is running on the same address (0.0.0.0:5000).
bind(): Address already in use [core/socket.c line 769]
*** Starting uWSGI 2.0.19.1 (64bit) on [Mon Feb 22 20:06:13 2021] ***
compiled with version: 7.5.0 on 22 February 2021 10:10:46
os: Linux-4.15.0-132-generic #136-Ubuntu SMP Tue Jan 12 14:58:42 UTC 2021
nodename: zxb
machine: x86_64
clock source: unix
detected number of CPU cores: 8
current working directory: /home/zxb/workspace/paper_down_server
detected binary path: /home/zxb/.local/bin/uwsgi
!!! no internal routing support, rebuild with pcre support !!!
chdir() to /home/zxb/workspace/paper_down_server
your processes number limit is 63823
your memory page size is 4096 bytes
detected max file descriptor number: 1024
lock engine: pthread robust mutexes
thunder lock: disabled (you can enable it with --thunder-lock)
probably another instance of uWSGI is running on the same address (0.0.0.0:5000).
bind(): Address already in use [core/socket.c line 769]
*** Starting uWSGI 2.0.19.1 (64bit) on [Mon Feb 22 20:06:14 2021] ***
compiled with version: 7.5.0 on 22 February 2021 10:10:46
os: Linux-4.15.0-132-generic #136-Ubuntu SMP Tue Jan 12 14:58:42 UTC 2021
nodename: zxb
machine: x86_64
clock source: unix
detected number of CPU cores: 8
current working directory: /home/zxb/workspace/paper_down_server
detected binary path: /home/zxb/.local/bin/uwsgi
!!! no internal routing support, rebuild with pcre support !!!
chdir() to /home/zxb/workspace/paper_down_server
your processes number limit is 63823
your memory page size is 4096 bytes
detected max file descriptor number: 1024
lock engine: pthread robust mutexes
thunder lock: disabled (you can enable it with --thunder-lock)
probably another instance of uWSGI is running on the same address (0.0.0.0:5000).
bind(): Address already in use [core/socket.c line 769]
*** Starting uWSGI 2.0.19.1 (64bit) on [Mon Feb 22 20:06:15 2021] ***
compiled with version: 7.5.0 on 22 February 2021 10:10:46
os: Linux-4.15.0-132-generic #136-Ubuntu SMP Tue Jan 12 14:58:42 UTC 2021
nodename: zxb
machine: x86_64
clock source: unix
detected number of CPU cores: 8
current working directory: /home/zxb/workspace/paper_down_server
detected binary path: /home/zxb/.local/bin/uwsgi
!!! no internal routing support, rebuild with pcre support !!!
chdir() to /home/zxb/workspace/paper_down_server
your processes number limit is 63823
your memory page size is 4096 bytes
detected max file descriptor number: 1024
lock engine: pthread robust mutexes
thunder lock: disabled (you can enable it with --thunder-lock)
probably another instance of uWSGI is running on the same address (0.0.0.0:5000).
bind(): Address already in use [core/socket.c line 769]
*** Starting uWSGI 2.0.19.1 (64bit) on [Mon Feb 22 20:06:16 2021] ***
compiled with version: 7.5.0 on 22 February 2021 10:10:46
os: Linux-4.15.0-132-generic #136-Ubuntu SMP Tue Jan 12 14:58:42 UTC 2021
nodename: zxb
machine: x86_64
clock source: unix
detected number of CPU cores: 8
current working directory: /home/zxb/workspace/paper_down_server
detected binary path: /home/zxb/.local/bin/uwsgi
!!! no internal routing support, rebuild with pcre support !!!
chdir() to /home/zxb/workspace/paper_down_server
your processes number limit is 63823
your memory page size is 4096 bytes
detected max file descriptor number: 1024
lock engine: pthread robust mutexes
thunder lock: disabled (you can enable it with --thunder-lock)
probably another instance of uWSGI is running on the same address (0.0.0.0:5000).
bind(): Address already in use [core/socket.c line 769]
*** Starting uWSGI 2.0.19.1 (64bit) on [Mon Feb 22 20:06:17 2021] ***
compiled with version: 7.5.0 on 22 February 2021 10:10:46
os: Linux-4.15.0-132-generic #136-Ubuntu SMP Tue Jan 12 14:58:42 UTC 2021
nodename: zxb
machine: x86_64
clock source: unix
detected number of CPU cores: 8
current working directory: /home/zxb/workspace/paper_down_server
detected binary path: /home/zxb/.local/bin/uwsgi
!!! no internal routing support, rebuild with pcre support !!!
chdir() to /home/zxb/workspace/paper_down_server
your processes number limit is 63823
your memory page size is 4096 bytes
detected max file descriptor number: 1024
lock engine: pthread robust mutexes
thunder lock: disabled (you can enable it with --thunder-lock)
probably another instance of uWSGI is running on the same address (0.0.0.0:5000).
bind(): Address already in use [core/socket.c line 769]
*** Starting uWSGI 2.0.19.1 (64bit) on [Mon Feb 22 20:06:18 2021] ***
compiled with version: 7.5.0 on 22 February 2021 10:10:46
os: Linux-4.15.0-132-generic #136-Ubuntu SMP Tue Jan 12 14:58:42 UTC 2021
nodename: zxb
machine: x86_64
clock source: unix
detected number of CPU cores: 8
current working directory: /home/zxb/workspace/paper_down_server
detected binary path: /home/zxb/.local/bin/uwsgi
!!! no internal routing support, rebuild with pcre support !!!
chdir() to /home/zxb/workspace/paper_down_server
your processes number limit is 63823
your memory page size is 4096 bytes
detected max file descriptor number: 1024
lock engine: pthread robust mutexes
thunder lock: disabled (you can enable it with --thunder-lock)
probably another instance of uWSGI is running on the same address (0.0.0.0:5000).
bind(): Address already in use [core/socket.c line 769]
*** Starting uWSGI 2.0.19.1 (64bit) on [Mon Feb 22 20:06:19 2021] ***
compiled with version: 7.5.0 on 22 February 2021 10:10:46
os: Linux-4.15.0-132-generic #136-Ubuntu SMP Tue Jan 12 14:58:42 UTC 2021
nodename: zxb
machine: x86_64
clock source: unix
detected number of CPU cores: 8
current working directory: /home/zxb/workspace/paper_down_server
detected binary path: /home/zxb/.local/bin/uwsgi
!!! no internal routing support, rebuild with pcre support !!!
chdir() to /home/zxb/workspace/paper_down_server
your processes number limit is 63823
your memory page size is 4096 bytes
detected max file descriptor number: 1024
lock engine: pthread robust mutexes
thunder lock: disabled (you can enable it with --thunder-lock)
probably another instance of uWSGI is running on the same address (0.0.0.0:5000).
bind(): Address already in use [core/socket.c line 769]
*** Starting uWSGI 2.0.19.1 (64bit) on [Mon Feb 22 20:06:19 2021] ***
compiled with version: 7.5.0 on 22 February 2021 10:10:46
os: Linux-4.15.0-132-generic #136-Ubuntu SMP Tue Jan 12 14:58:42 UTC 2021
nodename: zxb
machine: x86_64
clock source: unix
detected number of CPU cores: 8
current working directory: /home/zxb/workspace/paper_down_server
detected binary path: /home/zxb/.local/bin/uwsgi
!!! no internal routing support, rebuild with pcre support !!!
chdir() to /home/zxb/workspace/paper_down_server
your processes number limit is 63823
your memory page size is 4096 bytes
detected max file descriptor number: 1024
lock engine: pthread robust mutexes
thunder lock: disabled (you can enable it with --thunder-lock)
probably another instance of uWSGI is running on the same address (0.0.0.0:5000).
bind(): Address already in use [core/socket.c line 769]
*** Starting uWSGI 2.0.19.1 (64bit) on [Mon Feb 22 20:06:19 2021] ***
compiled with version: 7.5.0 on 22 February 2021 10:10:46
os: Linux-4.15.0-132-generic #136-Ubuntu SMP Tue Jan 12 14:58:42 UTC 2021
nodename: zxb
machine: x86_64
clock source: unix
detected number of CPU cores: 8
current working directory: /home/zxb/workspace/paper_down_server
detected binary path: /home/zxb/.local/bin/uwsgi
!!! no internal routing support, rebuild with pcre support !!!
chdir() to /home/zxb/workspace/paper_down_server
your processes number limit is 63823
your memory page size is 4096 bytes
detected max file descriptor number: 1024
lock engine: pthread robust mutexes
thunder lock: disabled (you can enable it with --thunder-lock)
probably another instance of uWSGI is running on the same address (0.0.0.0:5000).
bind(): Address already in use [core/socket.c line 769]
*** Starting uWSGI 2.0.19.1 (64bit) on [Mon Feb 22 20:06:19 2021] ***
compiled with version: 7.5.0 on 22 February 2021 10:10:46
os: Linux-4.15.0-132-generic #136-Ubuntu SMP Tue Jan 12 14:58:42 UTC 2021
nodename: zxb
machine: x86_64
clock source: unix
detected number of CPU cores: 8
current working directory: /home/zxb/workspace/paper_down_server
detected binary path: /home/zxb/.local/bin/uwsgi
!!! no internal routing support, rebuild with pcre support !!!
chdir() to /home/zxb/workspace/paper_down_server
your processes number limit is 63823
your memory page size is 4096 bytes
detected max file descriptor number: 1024
lock engine: pthread robust mutexes
thunder lock: disabled (you can enable it with --thunder-lock)
probably another instance of uWSGI is running on the same address (0.0.0.0:5000).
bind(): Address already in use [core/socket.c line 769]
*** Starting uWSGI 2.0.19.1 (64bit) on [Mon Feb 22 20:06:19 2021] ***
compiled with version: 7.5.0 on 22 February 2021 10:10:46
os: Linux-4.15.0-132-generic #136-Ubuntu SMP Tue Jan 12 14:58:42 UTC 2021
nodename: zxb
machine: x86_64
clock source: unix
detected number of CPU cores: 8
current working directory: /home/zxb/workspace/paper_down_server
detected binary path: /home/zxb/.local/bin/uwsgi
!!! no internal routing support, rebuild with pcre support !!!
chdir() to /home/zxb/workspace/paper_down_server
your processes number limit is 63823
your memory page size is 4096 bytes
detected max file descriptor number: 1024
lock engine: pthread robust mutexes
thunder lock: disabled (you can enable it with --thunder-lock)
probably another instance of uWSGI is running on the same address (0.0.0.0:5000).
bind(): Address already in use [core/socket.c line 769]
*** Starting uWSGI 2.0.19.1 (64bit) on [Mon Feb 22 20:06:19 2021] ***
compiled with version: 7.5.0 on 22 February 2021 10:10:46
os: Linux-4.15.0-132-generic #136-Ubuntu SMP Tue Jan 12 14:58:42 UTC 2021
nodename: zxb
machine: x86_64
clock source: unix
detected number of CPU cores: 8
current working directory: /home/zxb/workspace/paper_down_server
detected binary path: /home/zxb/.local/bin/uwsgi
!!! no internal routing support, rebuild with pcre support !!!
chdir() to /home/zxb/workspace/paper_down_server
your processes number limit is 63823
your memory page size is 4096 bytes
detected max file descriptor number: 1024
lock engine: pthread robust mutexes
thunder lock: disabled (you can enable it with --thunder-lock)
probably another instance of uWSGI is running on the same address (0.0.0.0:5000).
bind(): Address already in use [core/socket.c line 769]
*** Starting uWSGI 2.0.19.1 (64bit) on [Mon Feb 22 20:06:19 2021] ***
compiled with version: 7.5.0 on 22 February 2021 10:10:46
os: Linux-4.15.0-132-generic #136-Ubuntu SMP Tue Jan 12 14:58:42 UTC 2021
nodename: zxb
machine: x86_64
clock source: unix
detected number of CPU cores: 8
current working directory: /home/zxb/workspace/paper_down_server
detected binary path: /home/zxb/.local/bin/uwsgi
!!! no internal routing support, rebuild with pcre support !!!
chdir() to /home/zxb/workspace/paper_down_server
your processes number limit is 63823
your memory page size is 4096 bytes
detected max file descriptor number: 1024
lock engine: pthread robust mutexes
thunder lock: disabled (you can enable it with --thunder-lock)
probably another instance of uWSGI is running on the same address (0.0.0.0:5000).
bind(): Address already in use [core/socket.c line 769]
*** Starting uWSGI 2.0.19.1 (64bit) on [Mon Feb 22 20:06:19 2021] ***
compiled with version: 7.5.0 on 22 February 2021 10:10:46
os: Linux-4.15.0-132-generic #136-Ubuntu SMP Tue Jan 12 14:58:42 UTC 2021
nodename: zxb
machine: x86_64
clock source: unix
detected number of CPU cores: 8
current working directory: /home/zxb/workspace/paper_down_server
detected binary path: /home/zxb/.local/bin/uwsgi
!!! no internal routing support, rebuild with pcre support !!!
chdir() to /home/zxb/workspace/paper_down_server
your processes number limit is 63823
your memory page size is 4096 bytes
detected max file descriptor number: 1024
lock engine: pthread robust mutexes
thunder lock: disabled (you can enable it with --thunder-lock)
probably another instance of uWSGI is running on the same address (0.0.0.0:5000).
bind(): Address already in use [core/socket.c line 769]
*** Starting uWSGI 2.0.19.1 (64bit) on [Mon Feb 22 20:06:19 2021] ***
compiled with version: 7.5.0 on 22 February 2021 10:10:46
os: Linux-4.15.0-132-generic #136-Ubuntu SMP Tue Jan 12 14:58:42 UTC 2021
nodename: zxb
machine: x86_64
clock source: unix
detected number of CPU cores: 8
current working directory: /home/zxb/workspace/paper_down_server
detected binary path: /home/zxb/.local/bin/uwsgi
!!! no internal routing support, rebuild with pcre support !!!
chdir() to /home/zxb/workspace/paper_down_server
your processes number limit is 63823
your memory page size is 4096 bytes
detected max file descriptor number: 1024
lock engine: pthread robust mutexes
thunder lock: disabled (you can enable it with --thunder-lock)
probably another instance of uWSGI is running on the same address (0.0.0.0:5000).
bind(): Address already in use [core/socket.c line 769]
*** Starting uWSGI 2.0.19.1 (64bit) on [Mon Feb 22 20:06:19 2021] ***
compiled with version: 7.5.0 on 22 February 2021 10:10:46
os: Linux-4.15.0-132-generic #136-Ubuntu SMP Tue Jan 12 14:58:42 UTC 2021
nodename: zxb
machine: x86_64
clock source: unix
detected number of CPU cores: 8
current working directory: /home/zxb/workspace/paper_down_server
detected binary path: /home/zxb/.local/bin/uwsgi
!!! no internal routing support, rebuild with pcre support !!!
chdir() to /home/zxb/workspace/paper_down_server
your processes number limit is 63823
your memory page size is 4096 bytes
detected max file descriptor number: 1024
lock engine: pthread robust mutexes
thunder lock: disabled (you can enable it with --thunder-lock)
probably another instance of uWSGI is running on the same address (0.0.0.0:5000).
bind(): Address already in use [core/socket.c line 769]
*** Starting uWSGI 2.0.19.1 (64bit) on [Mon Feb 22 20:06:19 2021] ***
compiled with version: 7.5.0 on 22 February 2021 10:10:46
os: Linux-4.15.0-132-generic #136-Ubuntu SMP Tue Jan 12 14:58:42 UTC 2021
nodename: zxb
machine: x86_64
clock source: unix
detected number of CPU cores: 8
current working directory: /home/zxb/workspace/paper_down_server
detected binary path: /home/zxb/.local/bin/uwsgi
!!! no internal routing support, rebuild with pcre support !!!
chdir() to /home/zxb/workspace/paper_down_server
your processes number limit is 63823
your memory page size is 4096 bytes
detected max file descriptor number: 1024
lock engine: pthread robust mutexes
thunder lock: disabled (you can enable it with --thunder-lock)
probably another instance of uWSGI is running on the same address (0.0.0.0:5000).
bind(): Address already in use [core/socket.c line 769]
*** Starting uWSGI 2.0.19.1 (64bit) on [Mon Feb 22 20:06:19 2021] ***
compiled with version: 7.5.0 on 22 February 2021 10:10:46
os: Linux-4.15.0-132-generic #136-Ubuntu SMP Tue Jan 12 14:58:42 UTC 2021
nodename: zxb
machine: x86_64
clock source: unix
detected number of CPU cores: 8
current working directory: /home/zxb/workspace/paper_down_server
detected binary path: /home/zxb/.local/bin/uwsgi
!!! no internal routing support, rebuild with pcre support !!!
chdir() to /home/zxb/workspace/paper_down_server
your processes number limit is 63823
your memory page size is 4096 bytes
detected max file descriptor number: 1024
lock engine: pthread robust mutexes
thunder lock: disabled (you can enable it with --thunder-lock)
probably another instance of uWSGI is running on the same address (0.0.0.0:5000).
bind(): Address already in use [core/socket.c line 769]
*** Starting uWSGI 2.0.19.1 (64bit) on [Mon Feb 22 20:06:20 2021] ***
compiled with version: 7.5.0 on 22 February 2021 10:10:46
os: Linux-4.15.0-132-generic #136-Ubuntu SMP Tue Jan 12 14:58:42 UTC 2021
nodename: zxb
machine: x86_64
clock source: unix
detected number of CPU cores: 8
current working directory: /home/zxb/workspace/paper_down_server
detected binary path: /home/zxb/.local/bin/uwsgi
!!! no internal routing support, rebuild with pcre support !!!
chdir() to /home/zxb/workspace/paper_down_server
your processes number limit is 63823
your memory page size is 4096 bytes
detected max file descriptor number: 1024
lock engine: pthread robust mutexes
thunder lock: disabled (you can enable it with --thunder-lock)
probably another instance of uWSGI is running on the same address (0.0.0.0:5000).
bind(): Address already in use [core/socket.c line 769]
*** Starting uWSGI 2.0.19.1 (64bit) on [Mon Feb 22 20:06:21 2021] ***
compiled with version: 7.5.0 on 22 February 2021 10:10:46
os: Linux-4.15.0-132-generic #136-Ubuntu SMP Tue Jan 12 14:58:42 UTC 2021
nodename: zxb
machine: x86_64
clock source: unix
detected number of CPU cores: 8
current working directory: /home/zxb/workspace/paper_down_server
detected binary path: /home/zxb/.local/bin/uwsgi
!!! no internal routing support, rebuild with pcre support !!!
chdir() to /home/zxb/workspace/paper_down_server
your processes number limit is 63823
your memory page size is 4096 bytes
detected max file descriptor number: 1024
lock engine: pthread robust mutexes
thunder lock: disabled (you can enable it with --thunder-lock)
probably another instance of uWSGI is running on the same address (0.0.0.0:5000).
bind(): Address already in use [core/socket.c line 769]
*** Starting uWSGI 2.0.19.1 (64bit) on [Mon Feb 22 20:06:22 2021] ***
compiled with version: 7.5.0 on 22 February 2021 10:10:46
os: Linux-4.15.0-132-generic #136-Ubuntu SMP Tue Jan 12 14:58:42 UTC 2021
nodename: zxb
machine: x86_64
clock source: unix
detected number of CPU cores: 8
current working directory: /home/zxb/workspace/paper_down_server
detected binary path: /home/zxb/.local/bin/uwsgi
!!! no internal routing support, rebuild with pcre support !!!
chdir() to /home/zxb/workspace/paper_down_server
your processes number limit is 63823
your memory page size is 4096 bytes
detected max file descriptor number: 1024
lock engine: pthread robust mutexes
thunder lock: disabled (you can enable it with --thunder-lock)
probably another instance of uWSGI is running on the same address (0.0.0.0:5000).
bind(): Address already in use [core/socket.c line 769]
*** Starting uWSGI 2.0.19.1 (64bit) on [Mon Feb 22 20:06:22 2021] ***
compiled with version: 7.5.0 on 22 February 2021 10:10:46
os: Linux-4.15.0-132-generic #136-Ubuntu SMP Tue Jan 12 14:58:42 UTC 2021
nodename: zxb
machine: x86_64
clock source: unix
detected number of CPU cores: 8
current working directory: /home/zxb/workspace/paper_down_server
detected binary path: /home/zxb/.local/bin/uwsgi
!!! no internal routing support, rebuild with pcre support !!!
chdir() to /home/zxb/workspace/paper_down_server
your processes number limit is 63823
your memory page size is 4096 bytes
detected max file descriptor number: 1024
lock engine: pthread robust mutexes
thunder lock: disabled (you can enable it with --thunder-lock)
probably another instance of uWSGI is running on the same address (0.0.0.0:5000).
bind(): Address already in use [core/socket.c line 769]
*** Starting uWSGI 2.0.19.1 (64bit) on [Mon Feb 22 20:06:23 2021] ***
compiled with version: 7.5.0 on 22 February 2021 10:10:46
os: Linux-4.15.0-132-generic #136-Ubuntu SMP Tue Jan 12 14:58:42 UTC 2021
nodename: zxb
machine: x86_64
clock source: unix
detected number of CPU cores: 8
current working directory: /home/zxb/workspace/paper_down_server
detected binary path: /home/zxb/.local/bin/uwsgi
!!! no internal routing support, rebuild with pcre support !!!
chdir() to /home/zxb/workspace/paper_down_server
your processes number limit is 63823
your memory page size is 4096 bytes
detected max file descriptor number: 1024
lock engine: pthread robust mutexes
thunder lock: disabled (you can enable it with --thunder-lock)
probably another instance of uWSGI is running on the same address (0.0.0.0:5000).
bind(): Address already in use [core/socket.c line 769]
*** Starting uWSGI 2.0.19.1 (64bit) on [Mon Feb 22 20:06:24 2021] ***
compiled with version: 7.5.0 on 22 February 2021 10:10:46
os: Linux-4.15.0-132-generic #136-Ubuntu SMP Tue Jan 12 14:58:42 UTC 2021
nodename: zxb
machine: x86_64
clock source: unix
detected number of CPU cores: 8
current working directory: /home/zxb/workspace/paper_down_server
detected binary path: /home/zxb/.local/bin/uwsgi
!!! no internal routing support, rebuild with pcre support !!!
chdir() to /home/zxb/workspace/paper_down_server
your processes number limit is 63823
your memory page size is 4096 bytes
detected max file descriptor number: 1024
lock engine: pthread robust mutexes
thunder lock: disabled (you can enable it with --thunder-lock)
probably another instance of uWSGI is running on the same address (0.0.0.0:5000).
bind(): Address already in use [core/socket.c line 769]
*** Starting uWSGI 2.0.19.1 (64bit) on [Mon Feb 22 20:06:25 2021] ***
compiled with version: 7.5.0 on 22 February 2021 10:10:46
os: Linux-4.15.0-132-generic #136-Ubuntu SMP Tue Jan 12 14:58:42 UTC 2021
nodename: zxb
machine: x86_64
clock source: unix
detected number of CPU cores: 8
current working directory: /home/zxb/workspace/paper_down_server
detected binary path: /home/zxb/.local/bin/uwsgi
!!! no internal routing support, rebuild with pcre support !!!
chdir() to /home/zxb/workspace/paper_down_server
your processes number limit is 63823
your memory page size is 4096 bytes
detected max file descriptor number: 1024
lock engine: pthread robust mutexes
thunder lock: disabled (you can enable it with --thunder-lock)
probably another instance of uWSGI is running on the same address (0.0.0.0:5000).
bind(): Address already in use [core/socket.c line 769]
*** Starting uWSGI 2.0.19.1 (64bit) on [Mon Feb 22 20:06:26 2021] ***
compiled with version: 7.5.0 on 22 February 2021 10:10:46
os: Linux-4.15.0-132-generic #136-Ubuntu SMP Tue Jan 12 14:58:42 UTC 2021
nodename: zxb
machine: x86_64
clock source: unix
detected number of CPU cores: 8
current working directory: /home/zxb/workspace/paper_down_server
detected binary path: /home/zxb/.local/bin/uwsgi
!!! no internal routing support, rebuild with pcre support !!!
chdir() to /home/zxb/workspace/paper_down_server
your processes number limit is 63823
your memory page size is 4096 bytes
detected max file descriptor number: 1024
lock engine: pthread robust mutexes
thunder lock: disabled (you can enable it with --thunder-lock)
probably another instance of uWSGI is running on the same address (0.0.0.0:5000).
bind(): Address already in use [core/socket.c line 769]
*** Starting uWSGI 2.0.19.1 (64bit) on [Mon Feb 22 20:06:27 2021] ***
compiled with version: 7.5.0 on 22 February 2021 10:10:46
os: Linux-4.15.0-132-generic #136-Ubuntu SMP Tue Jan 12 14:58:42 UTC 2021
nodename: zxb
machine: x86_64
clock source: unix
detected number of CPU cores: 8
current working directory: /home/zxb/workspace/paper_down_server
detected binary path: /home/zxb/.local/bin/uwsgi
!!! no internal routing support, rebuild with pcre support !!!
chdir() to /home/zxb/workspace/paper_down_server
your processes number limit is 63823
your memory page size is 4096 bytes
detected max file descriptor number: 1024
lock engine: pthread robust mutexes
thunder lock: disabled (you can enable it with --thunder-lock)
probably another instance of uWSGI is running on the same address (0.0.0.0:5000).
bind(): Address already in use [core/socket.c line 769]
*** Starting uWSGI 2.0.19.1 (64bit) on [Mon Feb 22 20:06:28 2021] ***
compiled with version: 7.5.0 on 22 February 2021 10:10:46
os: Linux-4.15.0-132-generic #136-Ubuntu SMP Tue Jan 12 14:58:42 UTC 2021
nodename: zxb
machine: x86_64
clock source: unix
detected number of CPU cores: 8
current working directory: /home/zxb/workspace/paper_down_server
detected binary path: /home/zxb/.local/bin/uwsgi
!!! no internal routing support, rebuild with pcre support !!!
chdir() to /home/zxb/workspace/paper_down_server
your processes number limit is 63823
your memory page size is 4096 bytes
detected max file descriptor number: 1024
lock engine: pthread robust mutexes
thunder lock: disabled (you can enable it with --thunder-lock)
probably another instance of uWSGI is running on the same address (0.0.0.0:5000).
bind(): Address already in use [core/socket.c line 769]
*** Starting uWSGI 2.0.19.1 (64bit) on [Mon Feb 22 20:06:29 2021] ***
compiled with version: 7.5.0 on 22 February 2021 10:10:46
os: Linux-4.15.0-132-generic #136-Ubuntu SMP Tue Jan 12 14:58:42 UTC 2021
nodename: zxb
machine: x86_64
clock source: unix
detected number of CPU cores: 8
current working directory: /home/zxb/workspace/paper_down_server
detected binary path: /home/zxb/.local/bin/uwsgi
!!! no internal routing support, rebuild with pcre support !!!
chdir() to /home/zxb/workspace/paper_down_server
your processes number limit is 63823
your memory page size is 4096 bytes
detected max file descriptor number: 1024
lock engine: pthread robust mutexes
thunder lock: disabled (you can enable it with --thunder-lock)
probably another instance of uWSGI is running on the same address (0.0.0.0:5000).
bind(): Address already in use [core/socket.c line 769]
*** Starting uWSGI 2.0.19.1 (64bit) on [Mon Feb 22 20:06:29 2021] ***
compiled with version: 7.5.0 on 22 February 2021 10:10:46
os: Linux-4.15.0-132-generic #136-Ubuntu SMP Tue Jan 12 14:58:42 UTC 2021
nodename: zxb
machine: x86_64
clock source: unix
detected number of CPU cores: 8
current working directory: /home/zxb/workspace/paper_down_server
detected binary path: /home/zxb/.local/bin/uwsgi
!!! no internal routing support, rebuild with pcre support !!!
chdir() to /home/zxb/workspace/paper_down_server
your processes number limit is 63823
your memory page size is 4096 bytes
detected max file descriptor number: 1024
lock engine: pthread robust mutexes
thunder lock: disabled (you can enable it with --thunder-lock)
probably another instance of uWSGI is running on the same address (0.0.0.0:5000).
bind(): Address already in use [core/socket.c line 769]
*** Starting uWSGI 2.0.19.1 (64bit) on [Mon Feb 22 20:06:30 2021] ***
compiled with version: 7.5.0 on 22 February 2021 10:10:46
os: Linux-4.15.0-132-generic #136-Ubuntu SMP Tue Jan 12 14:58:42 UTC 2021
nodename: zxb
machine: x86_64
clock source: unix
detected number of CPU cores: 8
current working directory: /home/zxb/workspace/paper_down_server
detected binary path: /home/zxb/.local/bin/uwsgi
!!! no internal routing support, rebuild with pcre support !!!
chdir() to /home/zxb/workspace/paper_down_server
your processes number limit is 63823
your memory page size is 4096 bytes
detected max file descriptor number: 1024
lock engine: pthread robust mutexes
thunder lock: disabled (you can enable it with --thunder-lock)
probably another instance of uWSGI is running on the same address (0.0.0.0:5000).
bind(): Address already in use [core/socket.c line 769]
*** Starting uWSGI 2.0.19.1 (64bit) on [Mon Feb 22 20:06:30 2021] ***
compiled with version: 7.5.0 on 22 February 2021 10:10:46
os: Linux-4.15.0-132-generic #136-Ubuntu SMP Tue Jan 12 14:58:42 UTC 2021
nodename: zxb
machine: x86_64
clock source: unix
detected number of CPU cores: 8
current working directory: /home/zxb/workspace/paper_down_server
detected binary path: /home/zxb/.local/bin/uwsgi
!!! no internal routing support, rebuild with pcre support !!!
chdir() to /home/zxb/workspace/paper_down_server
your processes number limit is 63823
your memory page size is 4096 bytes
detected max file descriptor number: 1024
lock engine: pthread robust mutexes
thunder lock: disabled (you can enable it with --thunder-lock)
probably another instance of uWSGI is running on the same address (0.0.0.0:5000).
bind(): Address already in use [core/socket.c line 769]
*** Starting uWSGI 2.0.19.1 (64bit) on [Mon Feb 22 20:06:31 2021] ***
compiled with version: 7.5.0 on 22 February 2021 10:10:46
os: Linux-4.15.0-132-generic #136-Ubuntu SMP Tue Jan 12 14:58:42 UTC 2021
nodename: zxb
machine: x86_64
clock source: unix
detected number of CPU cores: 8
current working directory: /home/zxb/workspace/paper_down_server
detected binary path: /home/zxb/.local/bin/uwsgi
!!! no internal routing support, rebuild with pcre support !!!
chdir() to /home/zxb/workspace/paper_down_server
your processes number limit is 63823
your memory page size is 4096 bytes
detected max file descriptor number: 1024
lock engine: pthread robust mutexes
thunder lock: disabled (you can enable it with --thunder-lock)
probably another instance of uWSGI is running on the same address (0.0.0.0:5000).
bind(): Address already in use [core/socket.c line 769]
*** Starting uWSGI 2.0.19.1 (64bit) on [Mon Feb 22 20:06:32 2021] ***
compiled with version: 7.5.0 on 22 February 2021 10:10:46
os: Linux-4.15.0-132-generic #136-Ubuntu SMP Tue Jan 12 14:58:42 UTC 2021
nodename: zxb
machine: x86_64
clock source: unix
detected number of CPU cores: 8
current working directory: /home/zxb/workspace/paper_down_server
detected binary path: /home/zxb/.local/bin/uwsgi
!!! no internal routing support, rebuild with pcre support !!!
chdir() to /home/zxb/workspace/paper_down_server
your processes number limit is 63823
your memory page size is 4096 bytes
detected max file descriptor number: 1024
lock engine: pthread robust mutexes
thunder lock: disabled (you can enable it with --thunder-lock)
probably another instance of uWSGI is running on the same address (0.0.0.0:5000).
bind(): Address already in use [core/socket.c line 769]
*** Starting uWSGI 2.0.19.1 (64bit) on [Mon Feb 22 20:06:33 2021] ***
compiled with version: 7.5.0 on 22 February 2021 10:10:46
os: Linux-4.15.0-132-generic #136-Ubuntu SMP Tue Jan 12 14:58:42 UTC 2021
nodename: zxb
machine: x86_64
clock source: unix
detected number of CPU cores: 8
current working directory: /home/zxb/workspace/paper_down_server
detected binary path: /home/zxb/.local/bin/uwsgi
!!! no internal routing support, rebuild with pcre support !!!
chdir() to /home/zxb/workspace/paper_down_server
your processes number limit is 63823
your memory page size is 4096 bytes
detected max file descriptor number: 1024
lock engine: pthread robust mutexes
thunder lock: disabled (you can enable it with --thunder-lock)
probably another instance of uWSGI is running on the same address (0.0.0.0:5000).
bind(): Address already in use [core/socket.c line 769]
*** Starting uWSGI 2.0.19.1 (64bit) on [Mon Feb 22 20:06:34 2021] ***
compiled with version: 7.5.0 on 22 February 2021 10:10:46
os: Linux-4.15.0-132-generic #136-Ubuntu SMP Tue Jan 12 14:58:42 UTC 2021
nodename: zxb
machine: x86_64
clock source: unix
detected number of CPU cores: 8
current working directory: /home/zxb/workspace/paper_down_server
detected binary path: /home/zxb/.local/bin/uwsgi
!!! no internal routing support, rebuild with pcre support !!!
chdir() to /home/zxb/workspace/paper_down_server
your processes number limit is 63823
your memory page size is 4096 bytes
detected max file descriptor number: 1024
lock engine: pthread robust mutexes
thunder lock: disabled (you can enable it with --thunder-lock)
probably another instance of uWSGI is running on the same address (0.0.0.0:5000).
bind(): Address already in use [core/socket.c line 769]
*** Starting uWSGI 2.0.19.1 (64bit) on [Mon Feb 22 20:06:35 2021] ***
compiled with version: 7.5.0 on 22 February 2021 10:10:46
os: Linux-4.15.0-132-generic #136-Ubuntu SMP Tue Jan 12 14:58:42 UTC 2021
nodename: zxb
machine: x86_64
clock source: unix
detected number of CPU cores: 8
current working directory: /home/zxb/workspace/paper_down_server
detected binary path: /home/zxb/.local/bin/uwsgi
!!! no internal routing support, rebuild with pcre support !!!
chdir() to /home/zxb/workspace/paper_down_server
your processes number limit is 63823
your memory page size is 4096 bytes
detected max file descriptor number: 1024
lock engine: pthread robust mutexes
thunder lock: disabled (you can enable it with --thunder-lock)
probably another instance of uWSGI is running on the same address (0.0.0.0:5000).
bind(): Address already in use [core/socket.c line 769]
*** Starting uWSGI 2.0.19.1 (64bit) on [Mon Feb 22 20:06:36 2021] ***
compiled with version: 7.5.0 on 22 February 2021 10:10:46
os: Linux-4.15.0-132-generic #136-Ubuntu SMP Tue Jan 12 14:58:42 UTC 2021
nodename: zxb
machine: x86_64
clock source: unix
detected number of CPU cores: 8
current working directory: /home/zxb/workspace/paper_down_server
detected binary path: /home/zxb/.local/bin/uwsgi
!!! no internal routing support, rebuild with pcre support !!!
chdir() to /home/zxb/workspace/paper_down_server
your processes number limit is 63823
your memory page size is 4096 bytes
detected max file descriptor number: 1024
lock engine: pthread robust mutexes
thunder lock: disabled (you can enable it with --thunder-lock)
probably another instance of uWSGI is running on the same address (0.0.0.0:5000).
bind(): Address already in use [core/socket.c line 769]
*** Starting uWSGI 2.0.19.1 (64bit) on [Mon Feb 22 20:06:37 2021] ***
compiled with version: 7.5.0 on 22 February 2021 10:10:46
os: Linux-4.15.0-132-generic #136-Ubuntu SMP Tue Jan 12 14:58:42 UTC 2021
nodename: zxb
machine: x86_64
clock source: unix
detected number of CPU cores: 8
current working directory: /home/zxb/workspace/paper_down_server
detected binary path: /home/zxb/.local/bin/uwsgi
!!! no internal routing support, rebuild with pcre support !!!
chdir() to /home/zxb/workspace/paper_down_server
your processes number limit is 63823
your memory page size is 4096 bytes
detected max file descriptor number: 1024
lock engine: pthread robust mutexes
thunder lock: disabled (you can enable it with --thunder-lock)
probably another instance of uWSGI is running on the same address (0.0.0.0:5000).
bind(): Address already in use [core/socket.c line 769]
*** Starting uWSGI 2.0.19.1 (64bit) on [Mon Feb 22 20:06:38 2021] ***
compiled with version: 7.5.0 on 22 February 2021 10:10:46
os: Linux-4.15.0-132-generic #136-Ubuntu SMP Tue Jan 12 14:58:42 UTC 2021
nodename: zxb
machine: x86_64
clock source: unix
detected number of CPU cores: 8
current working directory: /home/zxb/workspace/paper_down_server
detected binary path: /home/zxb/.local/bin/uwsgi
!!! no internal routing support, rebuild with pcre support !!!
chdir() to /home/zxb/workspace/paper_down_server
your processes number limit is 63823
your memory page size is 4096 bytes
detected max file descriptor number: 1024
lock engine: pthread robust mutexes
thunder lock: disabled (you can enable it with --thunder-lock)
probably another instance of uWSGI is running on the same address (0.0.0.0:5000).
bind(): Address already in use [core/socket.c line 769]
*** Starting uWSGI 2.0.19.1 (64bit) on [Mon Feb 22 20:06:39 2021] ***
compiled with version: 7.5.0 on 22 February 2021 10:10:46
os: Linux-4.15.0-132-generic #136-Ubuntu SMP Tue Jan 12 14:58:42 UTC 2021
nodename: zxb
machine: x86_64
clock source: unix
detected number of CPU cores: 8
current working directory: /home/zxb/workspace/paper_down_server
detected binary path: /home/zxb/.local/bin/uwsgi
!!! no internal routing support, rebuild with pcre support !!!
chdir() to /home/zxb/workspace/paper_down_server
your processes number limit is 63823
your memory page size is 4096 bytes
detected max file descriptor number: 1024
lock engine: pthread robust mutexes
thunder lock: disabled (you can enable it with --thunder-lock)
probably another instance of uWSGI is running on the same address (0.0.0.0:5000).
bind(): Address already in use [core/socket.c line 769]
*** Starting uWSGI 2.0.19.1 (64bit) on [Mon Feb 22 20:06:40 2021] ***
compiled with version: 7.5.0 on 22 February 2021 10:10:46
os: Linux-4.15.0-132-generic #136-Ubuntu SMP Tue Jan 12 14:58:42 UTC 2021
nodename: zxb
machine: x86_64
clock source: unix
detected number of CPU cores: 8
current working directory: /home/zxb/workspace/paper_down_server
detected binary path: /home/zxb/.local/bin/uwsgi
!!! no internal routing support, rebuild with pcre support !!!
chdir() to /home/zxb/workspace/paper_down_server
your processes number limit is 63823
your memory page size is 4096 bytes
detected max file descriptor number: 1024
lock engine: pthread robust mutexes
thunder lock: disabled (you can enable it with --thunder-lock)
probably another instance of uWSGI is running on the same address (0.0.0.0:5000).
bind(): Address already in use [core/socket.c line 769]
*** Starting uWSGI 2.0.19.1 (64bit) on [Mon Feb 22 20:06:40 2021] ***
compiled with version: 7.5.0 on 22 February 2021 10:10:46
os: Linux-4.15.0-132-generic #136-Ubuntu SMP Tue Jan 12 14:58:42 UTC 2021
nodename: zxb
machine: x86_64
clock source: unix
detected number of CPU cores: 8
current working directory: /home/zxb/workspace/paper_down_server
detected binary path: /home/zxb/.local/bin/uwsgi
!!! no internal routing support, rebuild with pcre support !!!
chdir() to /home/zxb/workspace/paper_down_server
your processes number limit is 63823
your memory page size is 4096 bytes
detected max file descriptor number: 1024
lock engine: pthread robust mutexes
thunder lock: disabled (you can enable it with --thunder-lock)
probably another instance of uWSGI is running on the same address (0.0.0.0:5000).
bind(): Address already in use [core/socket.c line 769]
*** Starting uWSGI 2.0.19.1 (64bit) on [Mon Feb 22 20:06:40 2021] ***
compiled with version: 7.5.0 on 22 February 2021 10:10:46
os: Linux-4.15.0-132-generic #136-Ubuntu SMP Tue Jan 12 14:58:42 UTC 2021
nodename: zxb
machine: x86_64
clock source: unix
detected number of CPU cores: 8
current working directory: /home/zxb/workspace/paper_down_server
detected binary path: /home/zxb/.local/bin/uwsgi
!!! no internal routing support, rebuild with pcre support !!!
chdir() to /home/zxb/workspace/paper_down_server
your processes number limit is 63823
your memory page size is 4096 bytes
detected max file descriptor number: 1024
lock engine: pthread robust mutexes
thunder lock: disabled (you can enable it with --thunder-lock)
probably another instance of uWSGI is running on the same address (0.0.0.0:5000).
bind(): Address already in use [core/socket.c line 769]
*** Starting uWSGI 2.0.19.1 (64bit) on [Mon Feb 22 20:06:40 2021] ***
compiled with version: 7.5.0 on 22 February 2021 10:10:46
os: Linux-4.15.0-132-generic #136-Ubuntu SMP Tue Jan 12 14:58:42 UTC 2021
nodename: zxb
machine: x86_64
clock source: unix
detected number of CPU cores: 8
current working directory: /home/zxb/workspace/paper_down_server
detected binary path: /home/zxb/.local/bin/uwsgi
!!! no internal routing support, rebuild with pcre support !!!
chdir() to /home/zxb/workspace/paper_down_server
your processes number limit is 63823
your memory page size is 4096 bytes
detected max file descriptor number: 1024
lock engine: pthread robust mutexes
thunder lock: disabled (you can enable it with --thunder-lock)
probably another instance of uWSGI is running on the same address (0.0.0.0:5000).
bind(): Address already in use [core/socket.c line 769]
*** Starting uWSGI 2.0.19.1 (64bit) on [Mon Feb 22 20:06:40 2021] ***
compiled with version: 7.5.0 on 22 February 2021 10:10:46
os: Linux-4.15.0-132-generic #136-Ubuntu SMP Tue Jan 12 14:58:42 UTC 2021
nodename: zxb
machine: x86_64
clock source: unix
detected number of CPU cores: 8
current working directory: /home/zxb/workspace/paper_down_server
detected binary path: /home/zxb/.local/bin/uwsgi
!!! no internal routing support, rebuild with pcre support !!!
chdir() to /home/zxb/workspace/paper_down_server
your processes number limit is 63823
your memory page size is 4096 bytes
detected max file descriptor number: 1024
lock engine: pthread robust mutexes
thunder lock: disabled (you can enable it with --thunder-lock)
probably another instance of uWSGI is running on the same address (0.0.0.0:5000).
bind(): Address already in use [core/socket.c line 769]
*** Starting uWSGI 2.0.19.1 (64bit) on [Mon Feb 22 20:06:40 2021] ***
compiled with version: 7.5.0 on 22 February 2021 10:10:46
os: Linux-4.15.0-132-generic #136-Ubuntu SMP Tue Jan 12 14:58:42 UTC 2021
nodename: zxb
machine: x86_64
clock source: unix
detected number of CPU cores: 8
current working directory: /home/zxb/workspace/paper_down_server
detected binary path: /home/zxb/.local/bin/uwsgi
!!! no internal routing support, rebuild with pcre support !!!
chdir() to /home/zxb/workspace/paper_down_server
your processes number limit is 63823
your memory page size is 4096 bytes
detected max file descriptor number: 1024
lock engine: pthread robust mutexes
thunder lock: disabled (you can enable it with --thunder-lock)
probably another instance of uWSGI is running on the same address (0.0.0.0:5000).
bind(): Address already in use [core/socket.c line 769]
*** Starting uWSGI 2.0.19.1 (64bit) on [Mon Feb 22 20:06:40 2021] ***
compiled with version: 7.5.0 on 22 February 2021 10:10:46
os: Linux-4.15.0-132-generic #136-Ubuntu SMP Tue Jan 12 14:58:42 UTC 2021
nodename: zxb
machine: x86_64
clock source: unix
detected number of CPU cores: 8
current working directory: /home/zxb/workspace/paper_down_server
detected binary path: /home/zxb/.local/bin/uwsgi
!!! no internal routing support, rebuild with pcre support !!!
chdir() to /home/zxb/workspace/paper_down_server
your processes number limit is 63823
your memory page size is 4096 bytes
detected max file descriptor number: 1024
lock engine: pthread robust mutexes
thunder lock: disabled (you can enable it with --thunder-lock)
probably another instance of uWSGI is running on the same address (0.0.0.0:5000).
bind(): Address already in use [core/socket.c line 769]
*** Starting uWSGI 2.0.19.1 (64bit) on [Mon Feb 22 20:06:40 2021] ***
compiled with version: 7.5.0 on 22 February 2021 10:10:46
os: Linux-4.15.0-132-generic #136-Ubuntu SMP Tue Jan 12 14:58:42 UTC 2021
nodename: zxb
machine: x86_64
clock source: unix
detected number of CPU cores: 8
current working directory: /home/zxb/workspace/paper_down_server
detected binary path: /home/zxb/.local/bin/uwsgi
!!! no internal routing support, rebuild with pcre support !!!
chdir() to /home/zxb/workspace/paper_down_server
your processes number limit is 63823
your memory page size is 4096 bytes
detected max file descriptor number: 1024
lock engine: pthread robust mutexes
thunder lock: disabled (you can enable it with --thunder-lock)
probably another instance of uWSGI is running on the same address (0.0.0.0:5000).
bind(): Address already in use [core/socket.c line 769]
*** Starting uWSGI 2.0.19.1 (64bit) on [Mon Feb 22 20:06:40 2021] ***
compiled with version: 7.5.0 on 22 February 2021 10:10:46
os: Linux-4.15.0-132-generic #136-Ubuntu SMP Tue Jan 12 14:58:42 UTC 2021
nodename: zxb
machine: x86_64
clock source: unix
detected number of CPU cores: 8
current working directory: /home/zxb/workspace/paper_down_server
detected binary path: /home/zxb/.local/bin/uwsgi
!!! no internal routing support, rebuild with pcre support !!!
chdir() to /home/zxb/workspace/paper_down_server
your processes number limit is 63823
your memory page size is 4096 bytes
detected max file descriptor number: 1024
lock engine: pthread robust mutexes
thunder lock: disabled (you can enable it with --thunder-lock)
probably another instance of uWSGI is running on the same address (0.0.0.0:5000).
bind(): Address already in use [core/socket.c line 769]
*** Starting uWSGI 2.0.19.1 (64bit) on [Mon Feb 22 20:06:40 2021] ***
compiled with version: 7.5.0 on 22 February 2021 10:10:46
os: Linux-4.15.0-132-generic #136-Ubuntu SMP Tue Jan 12 14:58:42 UTC 2021
nodename: zxb
machine: x86_64
clock source: unix
detected number of CPU cores: 8
current working directory: /home/zxb/workspace/paper_down_server
detected binary path: /home/zxb/.local/bin/uwsgi
!!! no internal routing support, rebuild with pcre support !!!
chdir() to /home/zxb/workspace/paper_down_server
your processes number limit is 63823
your memory page size is 4096 bytes
detected max file descriptor number: 1024
lock engine: pthread robust mutexes
thunder lock: disabled (you can enable it with --thunder-lock)
probably another instance of uWSGI is running on the same address (0.0.0.0:5000).
bind(): Address already in use [core/socket.c line 769]
*** Starting uWSGI 2.0.19.1 (64bit) on [Mon Feb 22 20:06:40 2021] ***
compiled with version: 7.5.0 on 22 February 2021 10:10:46
os: Linux-4.15.0-132-generic #136-Ubuntu SMP Tue Jan 12 14:58:42 UTC 2021
nodename: zxb
machine: x86_64
clock source: unix
detected number of CPU cores: 8
current working directory: /home/zxb/workspace/paper_down_server
detected binary path: /home/zxb/.local/bin/uwsgi
!!! no internal routing support, rebuild with pcre support !!!
chdir() to /home/zxb/workspace/paper_down_server
your processes number limit is 63823
your memory page size is 4096 bytes
detected max file descriptor number: 1024
lock engine: pthread robust mutexes
thunder lock: disabled (you can enable it with --thunder-lock)
probably another instance of uWSGI is running on the same address (0.0.0.0:5000).
bind(): Address already in use [core/socket.c line 769]
*** Starting uWSGI 2.0.19.1 (64bit) on [Mon Feb 22 20:06:40 2021] ***
compiled with version: 7.5.0 on 22 February 2021 10:10:46
os: Linux-4.15.0-132-generic #136-Ubuntu SMP Tue Jan 12 14:58:42 UTC 2021
nodename: zxb
machine: x86_64
clock source: unix
detected number of CPU cores: 8
current working directory: /home/zxb/workspace/paper_down_server
detected binary path: /home/zxb/.local/bin/uwsgi
!!! no internal routing support, rebuild with pcre support !!!
chdir() to /home/zxb/workspace/paper_down_server
your processes number limit is 63823
your memory page size is 4096 bytes
detected max file descriptor number: 1024
lock engine: pthread robust mutexes
thunder lock: disabled (you can enable it with --thunder-lock)
probably another instance of uWSGI is running on the same address (0.0.0.0:5000).
bind(): Address already in use [core/socket.c line 769]
*** Starting uWSGI 2.0.19.1 (64bit) on [Mon Feb 22 20:06:41 2021] ***
compiled with version: 7.5.0 on 22 February 2021 10:10:46
os: Linux-4.15.0-132-generic #136-Ubuntu SMP Tue Jan 12 14:58:42 UTC 2021
nodename: zxb
machine: x86_64
clock source: unix
detected number of CPU cores: 8
current working directory: /home/zxb/workspace/paper_down_server
detected binary path: /home/zxb/.local/bin/uwsgi
!!! no internal routing support, rebuild with pcre support !!!
chdir() to /home/zxb/workspace/paper_down_server
your processes number limit is 63823
your memory page size is 4096 bytes
detected max file descriptor number: 1024
lock engine: pthread robust mutexes
thunder lock: disabled (you can enable it with --thunder-lock)
probably another instance of uWSGI is running on the same address (0.0.0.0:5000).
bind(): Address already in use [core/socket.c line 769]
*** Starting uWSGI 2.0.19.1 (64bit) on [Mon Feb 22 20:06:41 2021] ***
compiled with version: 7.5.0 on 22 February 2021 10:10:46
os: Linux-4.15.0-132-generic #136-Ubuntu SMP Tue Jan 12 14:58:42 UTC 2021
nodename: zxb
machine: x86_64
clock source: unix
detected number of CPU cores: 8
current working directory: /home/zxb/workspace/paper_down_server
detected binary path: /home/zxb/.local/bin/uwsgi
!!! no internal routing support, rebuild with pcre support !!!
chdir() to /home/zxb/workspace/paper_down_server
your processes number limit is 63823
your memory page size is 4096 bytes
detected max file descriptor number: 1024
lock engine: pthread robust mutexes
thunder lock: disabled (you can enable it with --thunder-lock)
probably another instance of uWSGI is running on the same address (0.0.0.0:5000).
bind(): Address already in use [core/socket.c line 769]
*** Starting uWSGI 2.0.19.1 (64bit) on [Mon Feb 22 20:06:41 2021] ***
compiled with version: 7.5.0 on 22 February 2021 10:10:46
os: Linux-4.15.0-132-generic #136-Ubuntu SMP Tue Jan 12 14:58:42 UTC 2021
nodename: zxb
machine: x86_64
clock source: unix
detected number of CPU cores: 8
current working directory: /home/zxb/workspace/paper_down_server
detected binary path: /home/zxb/.local/bin/uwsgi
!!! no internal routing support, rebuild with pcre support !!!
chdir() to /home/zxb/workspace/paper_down_server
your processes number limit is 63823
your memory page size is 4096 bytes
detected max file descriptor number: 1024
lock engine: pthread robust mutexes
thunder lock: disabled (you can enable it with --thunder-lock)
probably another instance of uWSGI is running on the same address (0.0.0.0:5000).
bind(): Address already in use [core/socket.c line 769]
*** Starting uWSGI 2.0.19.1 (64bit) on [Mon Feb 22 20:06:41 2021] ***
compiled with version: 7.5.0 on 22 February 2021 10:10:46
os: Linux-4.15.0-132-generic #136-Ubuntu SMP Tue Jan 12 14:58:42 UTC 2021
nodename: zxb
machine: x86_64
clock source: unix
detected number of CPU cores: 8
current working directory: /home/zxb/workspace/paper_down_server
detected binary path: /home/zxb/.local/bin/uwsgi
!!! no internal routing support, rebuild with pcre support !!!
chdir() to /home/zxb/workspace/paper_down_server
your processes number limit is 63823
your memory page size is 4096 bytes
detected max file descriptor number: 1024
lock engine: pthread robust mutexes
thunder lock: disabled (you can enable it with --thunder-lock)
probably another instance of uWSGI is running on the same address (0.0.0.0:5000).
bind(): Address already in use [core/socket.c line 769]
*** Starting uWSGI 2.0.19.1 (64bit) on [Mon Feb 22 20:06:41 2021] ***
compiled with version: 7.5.0 on 22 February 2021 10:10:46
os: Linux-4.15.0-132-generic #136-Ubuntu SMP Tue Jan 12 14:58:42 UTC 2021
nodename: zxb
machine: x86_64
clock source: unix
detected number of CPU cores: 8
current working directory: /home/zxb/workspace/paper_down_server
detected binary path: /home/zxb/.local/bin/uwsgi
!!! no internal routing support, rebuild with pcre support !!!
chdir() to /home/zxb/workspace/paper_down_server
your processes number limit is 63823
your memory page size is 4096 bytes
detected max file descriptor number: 1024
lock engine: pthread robust mutexes
thunder lock: disabled (you can enable it with --thunder-lock)
probably another instance of uWSGI is running on the same address (0.0.0.0:5000).
bind(): Address already in use [core/socket.c line 769]
